2025-07-23 00:14:45,106 [Worker-7: Loading available Gradle versions] INFO  o.e.b.c.i.u.g.PublishedGradleVersions - Gradle version information cache is not available. Remote download required.
2025-07-23 07:27:55,015 [ModalContext] INFO  o.e.m.c.i.e.AbstractTransferListenerAdapter - Downloaded https://repo.maven.apache.org/maven2/org/apache/maven/archetypes/maven-archetype-quickstart/1.1/maven-archetype-quickstart-1.1.pom
2025-07-23 07:28:41,448 [Worker-23: Launching mavenrun-ed854b70-8a98-46a1-b8b5-0dea4f09ee83] INFO  o.eclipse.m2e.core.internal.Bundles - getClasspathEntries(Bundle=org.eclipse.m2e.maven.runtime_3.9.900.20250220-2013 [362])
2025-07-23 07:28:41,458 [Worker-23: Launching mavenrun-ed854b70-8a98-46a1-b8b5-0dea4f09ee83] INFO  o.eclipse.m2e.core.internal.Bundles - 	Entry: /Applications/SpringToolsForEclipse.app/Contents/Eclipse/plugins/org.eclipse.m2e.maven.runtime_3.9.900.20250220-2013
2025-07-23 07:28:41,469 [Worker-23: Launching mavenrun-ed854b70-8a98-46a1-b8b5-0dea4f09ee83] INFO  o.eclipse.m2e.core.internal.Bundles - 	Entry: /Applications/SpringToolsForEclipse.app/Contents/Eclipse/plugins/org.eclipse.m2e.maven.runtime_3.9.900.20250220-2013/jars/aopalliance-1.0.jar
2025-07-23 07:28:41,471 [Worker-23: Launching mavenrun-ed854b70-8a98-46a1-b8b5-0dea4f09ee83] INFO  o.eclipse.m2e.core.internal.Bundles - 	Entry: /Applications/SpringToolsForEclipse.app/Contents/Eclipse/plugins/org.eclipse.m2e.maven.runtime_3.9.900.20250220-2013/jars/guice-5.1.0.jar
2025-07-23 07:28:41,472 [Worker-23: Launching mavenrun-ed854b70-8a98-46a1-b8b5-0dea4f09ee83] INFO  o.eclipse.m2e.core.internal.Bundles - 	Entry: /Applications/SpringToolsForEclipse.app/Contents/Eclipse/plugins/org.eclipse.m2e.maven.runtime_3.9.900.20250220-2013/jars/httpclient-4.5.14.jar
2025-07-23 07:28:41,473 [Worker-23: Launching mavenrun-ed854b70-8a98-46a1-b8b5-0dea4f09ee83] INFO  o.eclipse.m2e.core.internal.Bundles - 	Entry: /Applications/SpringToolsForEclipse.app/Contents/Eclipse/plugins/org.eclipse.m2e.maven.runtime_3.9.900.20250220-2013/jars/httpcore-4.4.16.jar
2025-07-23 07:28:41,473 [Worker-23: Launching mavenrun-ed854b70-8a98-46a1-b8b5-0dea4f09ee83] INFO  o.eclipse.m2e.core.internal.Bundles - 	Entry: /Applications/SpringToolsForEclipse.app/Contents/Eclipse/plugins/org.eclipse.m2e.maven.runtime_3.9.900.20250220-2013/jars/jansi-2.4.1.jar
2025-07-23 07:28:41,473 [Worker-23: Launching mavenrun-ed854b70-8a98-46a1-b8b5-0dea4f09ee83] INFO  o.eclipse.m2e.core.internal.Bundles - 	Entry: /Applications/SpringToolsForEclipse.app/Contents/Eclipse/plugins/org.eclipse.m2e.maven.runtime_3.9.900.20250220-2013/jars/jcl-over-slf4j-1.7.36.jar
2025-07-23 07:28:41,474 [Worker-23: Launching mavenrun-ed854b70-8a98-46a1-b8b5-0dea4f09ee83] INFO  o.eclipse.m2e.core.internal.Bundles - 	Entry: /Applications/SpringToolsForEclipse.app/Contents/Eclipse/plugins/org.eclipse.m2e.maven.runtime_3.9.900.20250220-2013/jars/maven-artifact-3.9.9.jar
2025-07-23 07:28:41,474 [Worker-23: Launching mavenrun-ed854b70-8a98-46a1-b8b5-0dea4f09ee83] INFO  o.eclipse.m2e.core.internal.Bundles - 	Entry: /Applications/SpringToolsForEclipse.app/Contents/Eclipse/plugins/org.eclipse.m2e.maven.runtime_3.9.900.20250220-2013/jars/maven-builder-support-3.9.9.jar
2025-07-23 07:28:41,474 [Worker-23: Launching mavenrun-ed854b70-8a98-46a1-b8b5-0dea4f09ee83] INFO  o.eclipse.m2e.core.internal.Bundles - 	Entry: /Applications/SpringToolsForEclipse.app/Contents/Eclipse/plugins/org.eclipse.m2e.maven.runtime_3.9.900.20250220-2013/jars/maven-compat-3.9.9.jar
2025-07-23 07:28:41,474 [Worker-23: Launching mavenrun-ed854b70-8a98-46a1-b8b5-0dea4f09ee83] INFO  o.eclipse.m2e.core.internal.Bundles - 	Entry: /Applications/SpringToolsForEclipse.app/Contents/Eclipse/plugins/org.eclipse.m2e.maven.runtime_3.9.900.20250220-2013/jars/maven-core-3.9.9.jar
2025-07-23 07:28:41,474 [Worker-23: Launching mavenrun-ed854b70-8a98-46a1-b8b5-0dea4f09ee83] INFO  o.eclipse.m2e.core.internal.Bundles - 	Entry: /Applications/SpringToolsForEclipse.app/Contents/Eclipse/plugins/org.eclipse.m2e.maven.runtime_3.9.900.20250220-2013/jars/maven-embedder-3.9.9.jar
2025-07-23 07:28:41,474 [Worker-23: Launching mavenrun-ed854b70-8a98-46a1-b8b5-0dea4f09ee83] INFO  o.eclipse.m2e.core.internal.Bundles - 	Entry: /Applications/SpringToolsForEclipse.app/Contents/Eclipse/plugins/org.eclipse.m2e.maven.runtime_3.9.900.20250220-2013/jars/maven-model-3.9.9.jar
2025-07-23 07:28:41,475 [Worker-23: Launching mavenrun-ed854b70-8a98-46a1-b8b5-0dea4f09ee83] INFO  o.eclipse.m2e.core.internal.Bundles - 	Entry: /Applications/SpringToolsForEclipse.app/Contents/Eclipse/plugins/org.eclipse.m2e.maven.runtime_3.9.900.20250220-2013/jars/maven-model-builder-3.9.9.jar
2025-07-23 07:28:41,475 [Worker-23: Launching mavenrun-ed854b70-8a98-46a1-b8b5-0dea4f09ee83] INFO  o.eclipse.m2e.core.internal.Bundles - 	Entry: /Applications/SpringToolsForEclipse.app/Contents/Eclipse/plugins/org.eclipse.m2e.maven.runtime_3.9.900.20250220-2013/jars/maven-plugin-api-3.9.9.jar
2025-07-23 07:28:41,476 [Worker-23: Launching mavenrun-ed854b70-8a98-46a1-b8b5-0dea4f09ee83] INFO  o.eclipse.m2e.core.internal.Bundles - 	Entry: /Applications/SpringToolsForEclipse.app/Contents/Eclipse/plugins/org.eclipse.m2e.maven.runtime_3.9.900.20250220-2013/jars/maven-repository-metadata-3.9.9.jar
2025-07-23 07:28:41,477 [Worker-23: Launching mavenrun-ed854b70-8a98-46a1-b8b5-0dea4f09ee83] INFO  o.eclipse.m2e.core.internal.Bundles - 	Entry: /Applications/SpringToolsForEclipse.app/Contents/Eclipse/plugins/org.eclipse.m2e.maven.runtime_3.9.900.20250220-2013/jars/maven-resolver-api-1.9.22.jar
2025-07-23 07:28:41,479 [Worker-23: Launching mavenrun-ed854b70-8a98-46a1-b8b5-0dea4f09ee83] INFO  o.eclipse.m2e.core.internal.Bundles - 	Entry: /Applications/SpringToolsForEclipse.app/Contents/Eclipse/plugins/org.eclipse.m2e.maven.runtime_3.9.900.20250220-2013/jars/maven-resolver-connector-basic-1.9.22.jar
2025-07-23 07:28:41,480 [Worker-23: Launching mavenrun-ed854b70-8a98-46a1-b8b5-0dea4f09ee83] INFO  o.eclipse.m2e.core.internal.Bundles - 	Entry: /Applications/SpringToolsForEclipse.app/Contents/Eclipse/plugins/org.eclipse.m2e.maven.runtime_3.9.900.20250220-2013/jars/maven-resolver-impl-1.9.22.jar
2025-07-23 07:28:41,480 [Worker-23: Launching mavenrun-ed854b70-8a98-46a1-b8b5-0dea4f09ee83] INFO  o.eclipse.m2e.core.internal.Bundles - 	Entry: /Applications/SpringToolsForEclipse.app/Contents/Eclipse/plugins/org.eclipse.m2e.maven.runtime_3.9.900.20250220-2013/jars/maven-resolver-named-locks-1.9.22.jar
2025-07-23 07:28:41,480 [Worker-23: Launching mavenrun-ed854b70-8a98-46a1-b8b5-0dea4f09ee83] INFO  o.eclipse.m2e.core.internal.Bundles - 	Entry: /Applications/SpringToolsForEclipse.app/Contents/Eclipse/plugins/org.eclipse.m2e.maven.runtime_3.9.900.20250220-2013/jars/maven-resolver-provider-3.9.9.jar
2025-07-23 07:28:41,480 [Worker-23: Launching mavenrun-ed854b70-8a98-46a1-b8b5-0dea4f09ee83] INFO  o.eclipse.m2e.core.internal.Bundles - 	Entry: /Applications/SpringToolsForEclipse.app/Contents/Eclipse/plugins/org.eclipse.m2e.maven.runtime_3.9.900.20250220-2013/jars/maven-resolver-spi-1.9.22.jar
2025-07-23 07:28:41,480 [Worker-23: Launching mavenrun-ed854b70-8a98-46a1-b8b5-0dea4f09ee83] INFO  o.eclipse.m2e.core.internal.Bundles - 	Entry: /Applications/SpringToolsForEclipse.app/Contents/Eclipse/plugins/org.eclipse.m2e.maven.runtime_3.9.900.20250220-2013/jars/maven-resolver-transport-file-1.9.22.jar
2025-07-23 07:28:41,480 [Worker-23: Launching mavenrun-ed854b70-8a98-46a1-b8b5-0dea4f09ee83] INFO  o.eclipse.m2e.core.internal.Bundles - 	Entry: /Applications/SpringToolsForEclipse.app/Contents/Eclipse/plugins/org.eclipse.m2e.maven.runtime_3.9.900.20250220-2013/jars/maven-resolver-transport-http-1.9.22.jar
2025-07-23 07:28:41,480 [Worker-23: Launching mavenrun-ed854b70-8a98-46a1-b8b5-0dea4f09ee83] INFO  o.eclipse.m2e.core.internal.Bundles - 	Entry: /Applications/SpringToolsForEclipse.app/Contents/Eclipse/plugins/org.eclipse.m2e.maven.runtime_3.9.900.20250220-2013/jars/maven-resolver-transport-wagon-1.9.22.jar
2025-07-23 07:28:41,480 [Worker-23: Launching mavenrun-ed854b70-8a98-46a1-b8b5-0dea4f09ee83] INFO  o.eclipse.m2e.core.internal.Bundles - 	Entry: /Applications/SpringToolsForEclipse.app/Contents/Eclipse/plugins/org.eclipse.m2e.maven.runtime_3.9.900.20250220-2013/jars/maven-resolver-util-1.9.22.jar
2025-07-23 07:28:41,480 [Worker-23: Launching mavenrun-ed854b70-8a98-46a1-b8b5-0dea4f09ee83] INFO  o.eclipse.m2e.core.internal.Bundles - 	Entry: /Applications/SpringToolsForEclipse.app/Contents/Eclipse/plugins/org.eclipse.m2e.maven.runtime_3.9.900.20250220-2013/jars/maven-settings-3.9.9.jar
2025-07-23 07:28:41,480 [Worker-23: Launching mavenrun-ed854b70-8a98-46a1-b8b5-0dea4f09ee83] INFO  o.eclipse.m2e.core.internal.Bundles - 	Entry: /Applications/SpringToolsForEclipse.app/Contents/Eclipse/plugins/org.eclipse.m2e.maven.runtime_3.9.900.20250220-2013/jars/maven-settings-builder-3.9.9.jar
2025-07-23 07:28:41,480 [Worker-23: Launching mavenrun-ed854b70-8a98-46a1-b8b5-0dea4f09ee83] INFO  o.eclipse.m2e.core.internal.Bundles - 	Entry: /Applications/SpringToolsForEclipse.app/Contents/Eclipse/plugins/org.eclipse.m2e.maven.runtime_3.9.900.20250220-2013/jars/maven-shared-utils-3.4.2.jar
2025-07-23 07:28:41,480 [Worker-23: Launching mavenrun-ed854b70-8a98-46a1-b8b5-0dea4f09ee83] INFO  o.eclipse.m2e.core.internal.Bundles - 	Entry: /Applications/SpringToolsForEclipse.app/Contents/Eclipse/plugins/org.eclipse.m2e.maven.runtime_3.9.900.20250220-2013/jars/org.eclipse.sisu.inject-0.9.0.M3.jar
2025-07-23 07:28:41,480 [Worker-23: Launching mavenrun-ed854b70-8a98-46a1-b8b5-0dea4f09ee83] INFO  o.eclipse.m2e.core.internal.Bundles - 	Entry: /Applications/SpringToolsForEclipse.app/Contents/Eclipse/plugins/org.eclipse.m2e.maven.runtime_3.9.900.20250220-2013/jars/org.eclipse.sisu.plexus-0.9.0.M3.jar
2025-07-23 07:28:41,480 [Worker-23: Launching mavenrun-ed854b70-8a98-46a1-b8b5-0dea4f09ee83] INFO  o.eclipse.m2e.core.internal.Bundles - 	Entry: /Applications/SpringToolsForEclipse.app/Contents/Eclipse/plugins/org.eclipse.m2e.maven.runtime_3.9.900.20250220-2013/jars/plexus-build-api-0.0.7.jar
2025-07-23 07:28:41,481 [Worker-23: Launching mavenrun-ed854b70-8a98-46a1-b8b5-0dea4f09ee83] INFO  o.eclipse.m2e.core.internal.Bundles - 	Entry: /Applications/SpringToolsForEclipse.app/Contents/Eclipse/plugins/org.eclipse.m2e.maven.runtime_3.9.900.20250220-2013/jars/plexus-build-api-1.2.0.jar
2025-07-23 07:28:41,481 [Worker-23: Launching mavenrun-ed854b70-8a98-46a1-b8b5-0dea4f09ee83] INFO  o.eclipse.m2e.core.internal.Bundles - 	Entry: /Applications/SpringToolsForEclipse.app/Contents/Eclipse/plugins/org.eclipse.m2e.maven.runtime_3.9.900.20250220-2013/jars/plexus-cipher-2.0.jar
2025-07-23 07:28:41,482 [Worker-23: Launching mavenrun-ed854b70-8a98-46a1-b8b5-0dea4f09ee83] INFO  o.eclipse.m2e.core.internal.Bundles - 	Entry: /Applications/SpringToolsForEclipse.app/Contents/Eclipse/plugins/org.eclipse.m2e.maven.runtime_3.9.900.20250220-2013/jars/plexus-classworlds-2.8.0.jar
2025-07-23 07:28:41,493 [Worker-23: Launching mavenrun-ed854b70-8a98-46a1-b8b5-0dea4f09ee83] INFO  o.eclipse.m2e.core.internal.Bundles - 	Entry: /Applications/SpringToolsForEclipse.app/Contents/Eclipse/plugins/org.eclipse.m2e.maven.runtime_3.9.900.20250220-2013/jars/plexus-component-annotations-2.1.0.jar
2025-07-23 07:28:41,495 [Worker-23: Launching mavenrun-ed854b70-8a98-46a1-b8b5-0dea4f09ee83] INFO  o.eclipse.m2e.core.internal.Bundles - 	Entry: /Applications/SpringToolsForEclipse.app/Contents/Eclipse/plugins/org.eclipse.m2e.maven.runtime_3.9.900.20250220-2013/jars/plexus-interpolation-1.27.jar
2025-07-23 07:28:41,496 [Worker-23: Launching mavenrun-ed854b70-8a98-46a1-b8b5-0dea4f09ee83] INFO  o.eclipse.m2e.core.internal.Bundles - 	Entry: /Applications/SpringToolsForEclipse.app/Contents/Eclipse/plugins/org.eclipse.m2e.maven.runtime_3.9.900.20250220-2013/jars/plexus-sec-dispatcher-2.0.jar
2025-07-23 07:28:41,496 [Worker-23: Launching mavenrun-ed854b70-8a98-46a1-b8b5-0dea4f09ee83] INFO  o.eclipse.m2e.core.internal.Bundles - 	Entry: /Applications/SpringToolsForEclipse.app/Contents/Eclipse/plugins/org.eclipse.m2e.maven.runtime_3.9.900.20250220-2013/jars/plexus-utils-3.5.1.jar
2025-07-23 07:28:41,496 [Worker-23: Launching mavenrun-ed854b70-8a98-46a1-b8b5-0dea4f09ee83] INFO  o.eclipse.m2e.core.internal.Bundles - 	Entry: /Applications/SpringToolsForEclipse.app/Contents/Eclipse/plugins/org.eclipse.m2e.maven.runtime_3.9.900.20250220-2013/jars/plexus-xml-3.0.1.jar
2025-07-23 07:28:41,497 [Worker-23: Launching mavenrun-ed854b70-8a98-46a1-b8b5-0dea4f09ee83] INFO  o.eclipse.m2e.core.internal.Bundles - 	Entry: /Applications/SpringToolsForEclipse.app/Contents/Eclipse/plugins/org.eclipse.m2e.maven.runtime_3.9.900.20250220-2013/jars/wagon-file-3.5.3.jar
2025-07-23 07:28:41,498 [Worker-23: Launching mavenrun-ed854b70-8a98-46a1-b8b5-0dea4f09ee83] INFO  o.eclipse.m2e.core.internal.Bundles - 	Entry: /Applications/SpringToolsForEclipse.app/Contents/Eclipse/plugins/org.eclipse.m2e.maven.runtime_3.9.900.20250220-2013/jars/wagon-http-3.5.3.jar
2025-07-23 07:28:41,498 [Worker-23: Launching mavenrun-ed854b70-8a98-46a1-b8b5-0dea4f09ee83] INFO  o.eclipse.m2e.core.internal.Bundles - 	Entry: /Applications/SpringToolsForEclipse.app/Contents/Eclipse/plugins/org.eclipse.m2e.maven.runtime_3.9.900.20250220-2013/jars/wagon-http-shared-3.5.3.jar
2025-07-23 07:28:41,498 [Worker-23: Launching mavenrun-ed854b70-8a98-46a1-b8b5-0dea4f09ee83] INFO  o.eclipse.m2e.core.internal.Bundles - 	Entry: /Applications/SpringToolsForEclipse.app/Contents/Eclipse/plugins/org.eclipse.m2e.maven.runtime_3.9.900.20250220-2013/jars/wagon-provider-api-3.5.3.jar
2025-07-23 07:28:41,515 [Worker-23: Launching mavenrun-ed854b70-8a98-46a1-b8b5-0dea4f09ee83] INFO  o.eclipse.m2e.core.internal.Bundles - getClasspathEntries(Bundle=com.google.guava_33.4.8.jre [31])
2025-07-23 07:28:41,517 [Worker-23: Launching mavenrun-ed854b70-8a98-46a1-b8b5-0dea4f09ee83] INFO  o.eclipse.m2e.core.internal.Bundles - 	Entry: /Applications/SpringToolsForEclipse.app/Contents/Eclipse/plugins/com.google.guava_33.4.8.jre.jar
2025-07-23 07:28:41,517 [Worker-23: Launching mavenrun-ed854b70-8a98-46a1-b8b5-0dea4f09ee83] INFO  o.eclipse.m2e.core.internal.Bundles - getClasspathEntries(Bundle=slf4j.api_2.0.17 [611])
2025-07-23 07:28:41,519 [Worker-23: Launching mavenrun-ed854b70-8a98-46a1-b8b5-0dea4f09ee83] INFO  o.eclipse.m2e.core.internal.Bundles - 	Entry: /Applications/SpringToolsForEclipse.app/Contents/Eclipse/plugins/slf4j.api_2.0.17.jar
2025-07-23 07:28:41,521 [Worker-23: Launching mavenrun-ed854b70-8a98-46a1-b8b5-0dea4f09ee83] INFO  o.eclipse.m2e.core.internal.Bundles - getClasspathEntries(Bundle=jakarta.inject.jakarta.inject-api_1.0.5 [46])
2025-07-23 07:28:41,521 [Worker-23: Launching mavenrun-ed854b70-8a98-46a1-b8b5-0dea4f09ee83] INFO  o.eclipse.m2e.core.internal.Bundles - 	Entry: /Applications/SpringToolsForEclipse.app/Contents/Eclipse/plugins/jakarta.inject.jakarta.inject-api_1.0.5.jar
2025-07-23 07:28:41,522 [Worker-23: Launching mavenrun-ed854b70-8a98-46a1-b8b5-0dea4f09ee83] INFO  o.eclipse.m2e.core.internal.Bundles - getClasspathEntries(Bundle=javax.annotation_1.3.5.v20200909-1856 [55])
2025-07-23 07:28:41,522 [Worker-23: Launching mavenrun-ed854b70-8a98-46a1-b8b5-0dea4f09ee83] INFO  o.eclipse.m2e.core.internal.Bundles - 	Entry: /Applications/SpringToolsForEclipse.app/Contents/Eclipse/plugins/javax.annotation_1.3.5.v20200909-1856.jar
2025-07-23 07:28:41,522 [Worker-23: Launching mavenrun-ed854b70-8a98-46a1-b8b5-0dea4f09ee83] INFO  o.eclipse.m2e.core.internal.Bundles - getClasspathEntries(Bundle=org.apache.commons.cli_1.9.0 [79])
2025-07-23 07:28:41,522 [Worker-23: Launching mavenrun-ed854b70-8a98-46a1-b8b5-0dea4f09ee83] INFO  o.eclipse.m2e.core.internal.Bundles - 	Entry: /Applications/SpringToolsForEclipse.app/Contents/Eclipse/plugins/org.apache.commons.cli_1.9.0.jar
2025-07-23 07:28:41,522 [Worker-23: Launching mavenrun-ed854b70-8a98-46a1-b8b5-0dea4f09ee83] INFO  o.eclipse.m2e.core.internal.Bundles - getClasspathEntries(Bundle=org.apache.commons.commons-codec_1.16.0 [81])
2025-07-23 07:28:41,522 [Worker-23: Launching mavenrun-ed854b70-8a98-46a1-b8b5-0dea4f09ee83] INFO  o.eclipse.m2e.core.internal.Bundles - 	Entry: /Applications/SpringToolsForEclipse.app/Contents/Eclipse/plugins/org.apache.commons.commons-codec_1.16.0.jar
2025-07-23 07:28:41,522 [Worker-23: Launching mavenrun-ed854b70-8a98-46a1-b8b5-0dea4f09ee83] INFO  o.eclipse.m2e.core.internal.Bundles - getClasspathEntries(Bundle=com.google.guava.failureaccess_1.0.3 [32])
2025-07-23 07:28:41,522 [Worker-23: Launching mavenrun-ed854b70-8a98-46a1-b8b5-0dea4f09ee83] INFO  o.eclipse.m2e.core.internal.Bundles - 	Entry: /Applications/SpringToolsForEclipse.app/Contents/Eclipse/plugins/com.google.guava.failureaccess_1.0.3.jar
2025-07-23 07:28:41,536 [Worker-23: Launching mavenrun-ed854b70-8a98-46a1-b8b5-0dea4f09ee83] INFO  o.e.m.i.launch.MavenLaunchDelegate - Run build in "/var/folders/5g/vxwgszms76ndvcq7d9pws1lm0000gn/T/m2e-archetypeGenerator14206147093626464295":
2025-07-23 07:28:41,547 [Worker-23: Launching mavenrun-ed854b70-8a98-46a1-b8b5-0dea4f09ee83] INFO  o.e.m.i.launch.MavenLaunchDelegate -  mvn  -DarchetypeGroupId=org.apache.maven.archetypes -DarchetypeArtifactId=maven-archetype-quickstart -DarchetypeVersion=1.1 -DgroupId=MavenDep_1 -DartifactId=MavenDep -Dversion=0.0.1-SNAPSHOT -Dpackage=MavenDep_1.MavenDep -DoutputDirectory=/Users/swechchhasingh/Documents/Spring -Dstyle.color=always -U archetype:generate
